0 info it worked if it ends with ok
1 verbose cli [ 'C:\\Program Files (x86)\\nodejs\\\\node.exe',
1 verbose cli   'C:\\Program Files (x86)\\nodejs\\node_modules\\npm\\bin\\npm-cli.js',
1 verbose cli   'install',
1 verbose cli   'Multer',
1 verbose cli   '--save' ]
2 info using npm@1.4.28
3 info using node@v0.10.36
4 verbose node symlink C:\Program Files (x86)\nodejs\\node.exe
5 warn package.json upload_file@1.0.0 No repository field.
6 warn package.json upload_file@1.0.0 No README data
7 verbose readDependencies using package.json deps
8 verbose cache add [ 'Multer', null ]
9 verbose cache add name=undefined spec="Multer" args=["Multer",null]
10 verbose parsed url { protocol: null,
10 verbose parsed url   slashes: null,
10 verbose parsed url   auth: null,
10 verbose parsed url   host: null,
10 verbose parsed url   port: null,
10 verbose parsed url   hostname: null,
10 verbose parsed url   hash: null,
10 verbose parsed url   search: null,
10 verbose parsed url   query: null,
10 verbose parsed url   pathname: 'Multer',
10 verbose parsed url   path: 'Multer',
10 verbose parsed url   href: 'Multer' }
11 silly lockFile ed2add88-Multer Multer
12 verbose lock Multer C:\Users\esp1\AppData\Roaming\npm-cache\ed2add88-Multer.lock
13 silly lockFile ed2add88-Multer Multer
14 silly lockFile ed2add88-Multer Multer
15 verbose addNamed [ 'Multer', '' ]
16 verbose addNamed [ null, '*' ]
17 silly lockFile c6ffef5d-Multer Multer@
18 verbose lock Multer@ C:\Users\esp1\AppData\Roaming\npm-cache\c6ffef5d-Multer.lock
19 silly addNameRange { name: 'Multer', range: '*', hasData: false }
20 verbose request where is /Multer
21 verbose request registry https://registry.npmjs.org/
22 verbose request id f7bd60610e6f9812
23 verbose url raw /Multer
24 verbose url resolving [ 'https://registry.npmjs.org/', './Multer' ]
25 verbose url resolved https://registry.npmjs.org/Multer
26 verbose request where is https://registry.npmjs.org/Multer
27 info trying registry request attempt 1 at 10:05:10
28 http GET https://registry.npmjs.org/Multer
29 http 404 https://registry.npmjs.org/Multer
30 silly registry.get cb [ 404,
30 silly registry.get   { 'content-type': 'application/json',
30 silly registry.get     'cache-control': 'max-age=0',
30 silly registry.get     'content-length': '2',
30 silly registry.get     'accept-ranges': 'bytes',
30 silly registry.get     date: 'Wed, 27 Jul 2016 14:05:10 GMT',
30 silly registry.get     via: '1.1 varnish',
30 silly registry.get     age: '0',
30 silly registry.get     connection: 'keep-alive',
30 silly registry.get     'x-served-by': 'cache-mia1323-MIA',
30 silly registry.get     'x-cache': 'MISS',
30 silly registry.get     'x-cache-hits': '0',
30 silly registry.get     'x-timer': 'S1469628310.838843,VS0,VE102',
30 silly registry.get     vary: 'Accept-Encoding' } ]
31 silly lockFile c6ffef5d-Multer Multer@
32 silly lockFile c6ffef5d-Multer Multer@
33 error 404 Not Found
33 error 404
33 error 404 'Multer' is not in the npm registry.
33 error 404 You should bug the author to publish it
33 error 404 It was specified as a dependency of 'upload_file'
33 error 404
33 error 404 Note that you can also install from a
33 error 404 tarball, folder, or http url, or git url.
34 error System Windows_NT 6.1.7601
35 error command "C:\\Program Files (x86)\\nodejs\\\\node.exe" "C:\\Program Files (x86)\\nodejs\\node_modules\\npm\\bin\\npm-cli.js" "install" "Multer" "--save"
36 error cwd D:\JMaldonado\Node JS\upload_file
37 error node -v v0.10.36
38 error npm -v 1.4.28
39 error code E404
40 verbose exit [ 1, true ]
